{
  "RSpec": {
    "coverage": {
      "/Users/sky/Projects/digital-wallet/app/helpers/application_helper.rb": [
        1,
        null
      ],
      "/Users/sky/Projects/digital-wallet/app/models/entity.rb": [
        null,
        null,
        null,
        null,
        null,
        null,
        null,
        null,
        null,
        null,
        null,
        1,
        1,
        null
      ],
      "/Users/sky/Projects/digital-wallet/app/models/application_record.rb": [
        1,
        1,
        null
      ],
      "/Users/sky/Projects/digital-wallet/app/models/transaction.rb": [
        null,
        null,
        null,
        null,
        null,
        null,
        null,
        null,
        null,
        null,
        null,
        null,
        null,
        1,
        null,
        null
      ],
      "/Users/sky/Projects/digital-wallet/app/models/wallet.rb": [
        null,
        null,
        null,
        null,
        null,
        null,
        null,
        null,
        null,
        null,
        null,
        1,
        1,
        1,
        1,
        null,
        1,
        3011,
        null,
        null
      ],
      "/Users/sky/Projects/digital-wallet/app/services/transaction_manager.rb": [
        1,
        null,
        null,
        null,
        null,
        null,
        null,
        1,
        1,
        null,
        null,
        1,
        null,
        null,
        null,
        null,
        null,
        null,
        null,
        null,
        null,
        null,
        1,
        5,
        5,
        null,
        null,
        5,
        5,
        null,
        null,
        null,
        null,
        null,
        null,
        null,
        null,
        null,
        null,
        null,
        null,
        1,
        1001,
        1001,
        1001,
        1001,
        501,
        null,
        null,
        null,
        null,
        501,
        null,
        null,
        null,
        null,
        null,
        null,
        null,
        null,
        null,
        null,
        null,
        null,
        null,
        1,
        1001,
        1001,
        1001,
        1001,
        1001,
        501,
        null,
        null,
        null,
        null,
        501,
        null,
        null,
        null,
        1,
        null,
        1,
        5011,
        1000,
        null,
        null,
        null
      ],
      "/Users/sky/Projects/digital-wallet/app/models/user.rb": [
        null,
        null,
        null,
        null,
        null,
        null,
        null,
        null,
        null,
        null,
        null,
        1,
        null
      ],
      "/Users/sky/Projects/digital-wallet/app/models/team.rb": [
        null,
        null,
        null,
        null,
        null,
        null,
        null,
        null,
        null,
        null,
        null,
        1,
        null
      ],
      "/Users/sky/Projects/digital-wallet/app/models/stock.rb": [
        null,
        null,
        null,
        null,
        null,
        null,
        null,
        null,
        null,
        null,
        null,
        1,
        null
      ],
      "/Users/sky/Projects/digital-wallet/app/mailers/application_mailer.rb": [
        0,
        0,
        0,
        0
      ],
      "/Users/sky/Projects/digital-wallet/app/jobs/application_job.rb": [
        0,
        0
      ],
      "/Users/sky/Projects/digital-wallet/app/controllers/application_controller.rb": [
        0,
        0
      ],
      "/Users/sky/Projects/digital-wallet/app/channels/application_cable/connection.rb": [
        0,
        0,
        0,
        0
      ],
      "/Users/sky/Projects/digital-wallet/app/channels/application_cable/channel.rb": [
        0,
        0,
        0,
        0
      ]
    },
    "timestamp": 1564833775
  }
}
